2024-05-15 16:33:31 + : Android67409672  || pb-IF4UURZdHQ== || joined server 
2024-05-15 16:34:07 + : Faiza9040  || pb-IF4lURQEPQ== || joined server 
2024-05-15 16:36:34 + : Velan105  || pb-IF4IUHomFA== || joined server 
2024-05-15 16:39:10 + : Rehant13  || pb-IF4DUGEaEw== || joined server 
2024-05-15 16:39:29 + : CrankyJac2  || None || joined server 
2024-05-15 16:39:30 + : CrankyJac2  || pb-IF4tVREBXA== || joined server 
2024-05-15 20:02:04 + : SARA0786  || pb-JiNJARFeXENAVF5FEkFQXFVBGUJWTlVH || joined server 
2024-05-15 20:02:43 + : SARA0786  || None || joined server 
2024-05-15 20:02:44 + : SARA0786  || pb-JiNJARFeXENAVF5FEkFQXFVBGUJWTlVH || joined server 
2024-05-15 20:04:37 + : SARA0786  || None || joined server 
2024-07-04 23:03:38 + : V0RT3X  || pb-IF4BUlQBJw== || joined server 
2024-07-04 23:07:36 + : NNOOOOBBSS  || pb-IF4pU2I4Pw== || joined server 
2024-07-04 23:07:53 + : V0RT3X  || None || joined server 
2024-07-04 23:07:54 + : V0RT3X  || pb-IF4BUlQBJw== || joined server 
2024-07-04 23:08:24 + : Fourte1103  || pb-IF4nUWQxHw== || joined server 
2024-07-04 23:12:27 + : V0RT3X  || pb-IF4BUlQBJw== || joined server 
2024-07-04 23:14:46 + : V0RT3X  || None || joined server 
2024-07-04 23:14:47 + : V0RT3X  || pb-IF4BUlQBJw== || joined server 
2024-07-04 23:16:14 + : V0RT3X  || None || joined server 
2024-07-04 23:16:15 + : V0RT3X  || pb-IF4BUlQBJw== || joined server 
2024-07-04 23:16:50 + : ZEUS609  || pb-IF4UU2ldEg== || joined server 
2024-07-04 23:18:59 + : PC591985  || pb-IF4KUBQFJA== || joined server 
2024-07-04 23:20:06 + : masterGG  || pb-IF4GUEFaJg== || joined server 
2024-07-04 23:22:03 + : DoBlehGreg  || None || joined server 
2024-07-04 23:22:04 + : DoBlehGreg  || pb-IF4-VXk-Mg== || joined server 
2024-07-04 23:24:58 + : Android66440089  || pb-IF5RUE0ABg== || joined server 
2024-07-04 23:25:16 + : V0RT3X  || pb-IF4BUlQBJw== || joined server 
2024-07-04 23:25:56 + : heymigs13  || pb-IF4gU1EhDQ== || joined server 
2024-07-04 23:29:40 + : RoyalAcco4  || None || joined server 
2024-07-04 23:29:41 + : RoyalAcco4  || pb-IF4oVWgMDA== || joined server 
2024-07-04 23:32:22 + : Fruitle182  || pb-IF5TUhAELw== || joined server 
2024-07-04 23:32:49 + : justalonel  || None || joined server 
2024-07-04 23:32:50 + : justalonel  || pb-IF4GUEMzLg== || joined server 
2024-07-04 23:34:16 + : NoobMas167  || pb-IF4GURNbPQ== || joined server 
2024-07-04 23:39:45 + : Companion3  || pb-IF4HU3YGBw== || joined server 
2024-07-04 23:43:41 + : Unearne423  || pb-IF4QUFgyCg== || joined server 
2024-07-05 00:07:16 + : BCS  || None || joined server 
2024-07-05 00:07:17 + : BCS  || pb-IF4iU0QaEw== || joined server 
2024-07-05 00:29:24 + : BCS  || None || joined server 
2024-07-05 00:29:25 + : BCS  || pb-IF4iU0QaEw== || joined server 
2024-07-05 00:30:10 + : TUSHAR1PUB  || pb-IF41NnYI || joined server 
2024-07-05 00:51:14 + : BCS  || None || joined server 
2024-07-05 00:51:15 + : BCS  || pb-IF4iU0QaEw== || joined server 
2024-07-05 00:58:32 + : Avalolli  || pb-IF40UEwoPA== || joined server 
2024-07-05 00:58:45 + : Avalolli  || None || joined server 
2024-07-05 00:58:46 + : Avalolli  || pb-IF40UEwoPA== || joined server 
2024-07-05 01:01:18 + : Stormster  || None || joined server 
2024-07-05 01:01:19 + : Stormster  || pb-IF4NU1lYFg== || joined server 
2024-07-05 01:01:44 + : Avalolli  || None || joined server 
2024-07-05 01:01:45 + : Avalolli  || pb-IF40UEwoPA== || joined server 
2024-07-05 01:02:06 + : TUSHAR1PUB  || None || joined server 
2024-07-05 01:02:16 + : Optimis530  || None || joined server 
2024-07-05 01:02:17 + : Optimis530  || pb-IF4wU0JbKg== || joined server 
2024-07-05 01:03:00 + : Stormster  || None || joined server 
2024-07-05 01:03:01 + : Stormster  || pb-IF4NU1lYFg== || joined server 
2024-07-05 01:03:32 + : Stormster  || pb-IF4NU1lYFg== || joined server 
2024-07-05 01:04:02 + : Stormster  || None || joined server 
2024-07-05 01:04:03 + : Stormster  || pb-IF4NU1lYFg== || joined server 
2024-07-05 01:05:36 + : Stormster  || None || joined server 
2024-07-05 01:05:37 + : Stormster  || pb-IF4NU1lYFg== || joined server 
2024-07-05 01:06:00 + : Noonme1380  || None || joined server 
2024-07-05 01:06:01 + : Noonme1380  || pb-IF4FUkIOFg== || joined server 
2024-07-05 01:06:23 + : Stormster  || pb-IF4NU1lYFg== || joined server 
2024-07-05 01:06:59 + : Stormster  || pb-IF4NU1lYFg== || joined server 
2024-07-05 01:10:41 + : Android67524495  || pb-IF4PURkRFw== || joined server 
2024-07-05 01:10:55 + : Nihal18  || pb-IF5dUnMoVQ== || joined server 
2024-07-05 01:14:02 + : BCS  || pb-IF4iU0QaEw== || joined server 
2024-07-05 01:16:23 + : Stormster  || None || joined server 
2024-07-05 01:16:24 + : Stormster  || pb-IF4NU1lYFg== || joined server 
2024-07-05 01:32:11 + : Avalolli  || None || joined server 
2024-07-05 01:32:12 + : Avalolli  || pb-IF40UEwoPA== || joined server 
2024-07-05 01:36:19 + : BCS  || None || joined server 
2024-07-05 01:36:20 + : BCS  || pb-IF4iU0QaEw== || joined server 
2024-07-05 02:20:43 + : BCS  || pb-IF4iU0QaEw== || joined server 
2024-07-05 02:42:50 + : BCS  || pb-IF4iU0QaEw== || joined server 
2024-07-05 03:04:09 + : BCS  || pb-IF4iU0QaEw== || joined server 
2024-07-05 03:25:48 + : BCS  || pb-IF4iU0QaEw== || joined server 
2024-07-05 03:41:38 + : NoName7747799  || pb-IF4MUxVTLg== || joined server 
2024-07-05 03:42:17 + : LengthyGr2  || pb-IF4WUGkzFA== || joined server 
2024-07-05 03:43:54 + : Carl3413  || None || joined server 
2024-07-05 03:43:55 + : Carl3413  || pb-IF4KUWM5KQ== || joined server 
2024-07-05 03:44:56 + : Android64022296  || None || joined server 
2024-07-05 09:10:55 + : V0RT3X  || pb-IF4BUlQBJw== || joined server 
2024-07-05 09:11:27 + : YashGabani  || None || joined server 
2024-07-05 09:11:28 + : YashGabani  || pb-IF4pU1FYDQ== || joined server 
2024-07-05 09:11:37 + : ZEUS609  || pb-IF4UU2ldEg== || joined server 
